<?xml version="1.0" encoding="UTF-8"?>
<testsuite name="Functional_test" tests="4" skipped="0" failures="0" errors="0" timestamp="2020-12-19T15:50:51" hostname="PAPILLON" time="0.036">
  <properties/>
  <testcase name="test_WriteAndCloseFile" classname="Functional_test" time="0.006"/>
  <testcase name="test_Schitalka_by_threads" classname="Functional_test" time="0.028"/>
  <testcase name="test_OpenAndReadFile" classname="Functional_test" time="0.0"/>
  <testcase name="test_Schitalka" classname="Functional_test" time="0.0"/>
  <system-out><![CDATA[0
1
2
2
2
2
2
2
2
2
2
2
[3%3%3, 3%5%7, 15%0%0%0%1, 6%2, 4%12%5%8, 3%3%3, 3%5%7, 15%0%0%0%1, 3%3%3, 3%5%7, 15%0%0%0%1, 3%3%3, 3%5%7, 15%0%0%0%1, 3%3%3, 3%5%7, 15%0%0%0%1, 3%3%3, 3%5%7, 15%0%0%0%1, 3%3%3, 3%5%7, 15%0%0%0%1, 3%3%3, 3%5%7, 15%0%0%0%1, 3%3%3, 3%5%7, 15%0%0%0%1, 3%3%3, 3%5%7, 15%0%0%0%1, 3%3%3, 3%5%7, 15%0%0%0%1, 3%3%3, 3%5%7, 15%0%0%0%1, 3%3%3, 3%5%7, 15%0%0%0%1, 3%3%3, 3%5%7, 15%0%0%0%1, 6%2, 4%12%5%8, 3%3%3, 3%5%7, 15%0%0%0%1, 6%2, 4%12%5%8, 3%3%3, 3%5%7, 15%0%0%0%1, 6%2, 4%12%5%8, 3%3%3, 3%5%7, 15%0%0%0%1]
]]></system-out>
  <system-err><![CDATA[]]></system-err>
</testsuite>
